Crashlog created at 2012-11-05 10:48:25 -0500

=== MESSAGE:

LoadError: cannot load such file -- systemu
Try installing the 'systemu' gem (`gem install systemu`) and then re-running the command.

=== COMPILATION STACK:

  (empty)

=== BACKTRACE:

  0. /Users/zork/.rbenv/versions/1.9.3-p286/lib/ruby/1.9.1/rubygems/custom_require.rb:36:in `require'
  1. /Users/zork/.rbenv/versions/1.9.3-p286/lib/ruby/1.9.1/rubygems/custom_require.rb:36:in `require'
  2. /Users/zork/Development/resume/vendor/bundle/ruby/1.9.1/gems/nanoc-3.4.2/lib/nanoc/extra/deployers/rsync.rb:34:in `run'
  3. /Users/zork/Development/resume/vendor/bundle/ruby/1.9.1/gems/nanoc-3.4.2/lib/nanoc/cli/commands/deploy.rb:65:in `run'
  4. /Users/zork/Development/resume/vendor/bundle/ruby/1.9.1/gems/nanoc-3.4.2/lib/nanoc/cli/command_runner.rb:14:in `block in call'
  5. /Users/zork/Development/resume/vendor/bundle/ruby/1.9.1/gems/nanoc-3.4.2/lib/nanoc/cli/error_handler.rb:63:in `handle_while'
  6. /Users/zork/Development/resume/vendor/bundle/ruby/1.9.1/gems/nanoc-3.4.2/lib/nanoc/cli/error_handler.rb:26:in `handle_while'
  7. /Users/zork/Development/resume/vendor/bundle/ruby/1.9.1/gems/nanoc-3.4.2/lib/nanoc/cli/command_runner.rb:13:in `call'
  8. /Users/zork/Development/resume/vendor/bundle/ruby/1.9.1/gems/cri-2.3.0/lib/cri/command_dsl.rb:185:in `block in runner'
  9. /Users/zork/Development/resume/vendor/bundle/ruby/1.9.1/gems/cri-2.3.0/lib/cri/command.rb:296:in `call'
  10. /Users/zork/Development/resume/vendor/bundle/ruby/1.9.1/gems/cri-2.3.0/lib/cri/command.rb:296:in `run_this'
  11. /Users/zork/Development/resume/vendor/bundle/ruby/1.9.1/gems/cri-2.3.0/lib/cri/command.rb:249:in `run'
  12. /Users/zork/Development/resume/vendor/bundle/ruby/1.9.1/gems/cri-2.3.0/lib/cri/command.rb:262:in `run'
  13. /Users/zork/Development/resume/vendor/bundle/ruby/1.9.1/gems/nanoc-3.4.2/lib/nanoc/cli.rb:52:in `block in run'
  14. /Users/zork/Development/resume/vendor/bundle/ruby/1.9.1/gems/nanoc-3.4.2/lib/nanoc/cli/error_handler.rb:63:in `handle_while'
  15. /Users/zork/Development/resume/vendor/bundle/ruby/1.9.1/gems/nanoc-3.4.2/lib/nanoc/cli/error_handler.rb:26:in `handle_while'
  16. /Users/zork/Development/resume/vendor/bundle/ruby/1.9.1/gems/nanoc-3.4.2/lib/nanoc/cli.rb:50:in `run'
  17. /Users/zork/Development/resume/vendor/bundle/ruby/1.9.1/gems/nanoc-3.4.2/lib/nanoc/tasks/deploy/rsync.rake:15:in `block (2 levels) in <top (required)>'
  18. /Users/zork/.rbenv/versions/1.9.3-p286/lib/ruby/1.9.1/rake/task.rb:205:in `call'
  19. /Users/zork/.rbenv/versions/1.9.3-p286/lib/ruby/1.9.1/rake/task.rb:205:in `block in execute'
  20. /Users/zork/.rbenv/versions/1.9.3-p286/lib/ruby/1.9.1/rake/task.rb:200:in `each'
  21. /Users/zork/.rbenv/versions/1.9.3-p286/lib/ruby/1.9.1/rake/task.rb:200:in `execute'
  22. /Users/zork/.rbenv/versions/1.9.3-p286/lib/ruby/1.9.1/rake/task.rb:158:in `block in invoke_with_call_chain'
  23. /Users/zork/.rbenv/versions/1.9.3-p286/lib/ruby/1.9.1/monitor.rb:211:in `mon_synchronize'
  24. /Users/zork/.rbenv/versions/1.9.3-p286/lib/ruby/1.9.1/rake/task.rb:151:in `invoke_with_call_chain'
  25. /Users/zork/.rbenv/versions/1.9.3-p286/lib/ruby/1.9.1/rake/task.rb:144:in `invoke'
  26. /Users/zork/.rbenv/versions/1.9.3-p286/lib/ruby/1.9.1/rake/application.rb:116:in `invoke_task'
  27. /Users/zork/.rbenv/versions/1.9.3-p286/lib/ruby/1.9.1/rake/application.rb:94:in `block (2 levels) in top_level'
  28. /Users/zork/.rbenv/versions/1.9.3-p286/lib/ruby/1.9.1/rake/application.rb:94:in `each'
  29. /Users/zork/.rbenv/versions/1.9.3-p286/lib/ruby/1.9.1/rake/application.rb:94:in `block in top_level'
  30. /Users/zork/.rbenv/versions/1.9.3-p286/lib/ruby/1.9.1/rake/application.rb:133:in `standard_exception_handling'
  31. /Users/zork/.rbenv/versions/1.9.3-p286/lib/ruby/1.9.1/rake/application.rb:88:in `top_level'
  32. /Users/zork/.rbenv/versions/1.9.3-p286/lib/ruby/1.9.1/rake/application.rb:66:in `block in run'
  33. /Users/zork/.rbenv/versions/1.9.3-p286/lib/ruby/1.9.1/rake/application.rb:133:in `standard_exception_handling'
  34. /Users/zork/.rbenv/versions/1.9.3-p286/lib/ruby/1.9.1/rake/application.rb:63:in `run'
  35. /Users/zork/.rbenv/versions/1.9.3-p286/bin/rake:32:in `<main>'

=== VERSION INFORMATION:

nanoc 3.4.2 © 2007-2012 Denis Defreyne.
Running ruby 1.9.3 (2012-10-12) on x86_64-darwin12.2.0 with RubyGems 1.8.23.

=== SYSTEM INFORMATION:

Darwin mirrormere.local 12.2.0 Darwin Kernel Version 12.2.0: Sat Aug 25 00:48:52 PDT 2012; root:xnu-2050.18.24~1/RELEASE_X86_64 x86_64 i386 MacBookPro8,2 Darwin

=== INSTALLED GEMS:

  addressable 2.3.2
  adsf 1.1.1
  bigdecimal 1.1.0
  bundler 1.2.1
  colored 1.2
  cri 2.3.0
  excon 0.16.7
  haml 3.1.7
  heroku 2.33.0
  heroku-api 0.3.5
  io-console 0.3
  json 1.5.4
  launchy 2.1.2
  mime-types 1.19
  minitest 2.5.1
  nanoc 3.4.2
  nanoc3 3.3.0
  netrc 0.7.7
  rack 1.4.1
  rake 0.9.2.2
  rdoc 3.9.4
  rest-client 1.6.7
  rubyzip 0.9.9
  sequel 3.41.0
  sqlite3 1.3.6

=== ENVIRONMENT:

Apple_PubSub_Socket_Render => "/tmp/launch-dF714O/Render"
Apple_Ubiquity_Message => "/tmp/launch-kuC4q1/Apple_Ubiquity_Message"
COMMAND_MODE => "unix2003"
DISPLAY => "/tmp/launch-8cILlV/org.macosforge.xquartz:0"
EDITOR => "vim"
GEM_PATH => "/Users/zork/Development/resume/vendor/bundle/ruby/1.9.1"
GIT_BRANCH => "master"
GPG_AGENT_INFO => "/tmp/gpg-KoJxqs/S.gpg-agent:3582:1"
GPG_TTY => "/dev/ttys000"
HOME => "/Users/zork"
HOSTNAME => "mirrormere.local"
IS_OSX => "yes"
LANG => "en_US.UTF-8"
LC_ALL => "en_US.UTF-8"
LESS => "-ciqR -x4 -P ?f%f .?m(file %i of %m) .?ltlines%lt-%lb?L/%L. .byte %bB?s/%s. ?e(END) :?pB%pB\\%..%t"
LOGNAME => "zork"
LS_COLORS => "rs=0:di=01;34:ln=01;36:mh=00:pi=40;33:so=01;35:do=01;35:bd=40;33;01:cd=40;33;01:or=40;31;01:su=37;41:sg=30;43:ca=30;41:tw=30;42:ow=34;42:st=37;44:ex=01;32:*.tar=01;31:*.tgz=01;31:*.arj=01;31:*.taz=01;31:*.lzh=01;31:*.lzma=01;31:*.tlz=01;31:*.txz=01;31:*.zip=01;31:*.z=01;31:*.Z=01;31:*.dz=01;31:*.gz=01;31:*.lz=01;31:*.xz=01;31:*.bz2=01;31:*.bz=01;31:*.tbz=01;31:*.tbz2=01;31:*.tz=01;31:*.deb=01;31:*.rpm=01;31:*.jar=01;31:*.war=01;31:*.ear=01;31:*.sar=01;31:*.rar=01;31:*.ace=01;31:*.zoo=01;31:*.cpio=01;31:*.7z=01;31:*.rz=01;31:*.jpg=01;35:*.jpeg=01;35:*.gif=01;35:*.bmp=01;35:*.pbm=01;35:*.pgm=01;35:*.ppm=01;35:*.tga=01;35:*.xbm=01;35:*.xpm=01;35:*.tif=01;35:*.tiff=01;35:*.png=01;35:*.svg=01;35:*.svgz=01;35:*.mng=01;35:*.pcx=01;35:*.mov=01;35:*.mpg=01;35:*.mpeg=01;35:*.m2v=01;35:*.mkv=01;35:*.webm=01;35:*.ogm=01;35:*.mp4=01;35:*.m4v=01;35:*.mp4v=01;35:*.vob=01;35:*.qt=01;35:*.nuv=01;35:*.wmv=01;35:*.asf=01;35:*.rm=01;35:*.rmvb=01;35:*.flc=01;35:*.avi=01;35:*.fli=01;35:*.flv=01;35:*.gl=01;35:*.dl=01;35:*.xcf=01;35:*.xwd=01;35:*.yuv=01;35:*.cgm=01;35:*.emf=01;35:*.axv=01;35:*.anx=01;35:*.ogv=01;35:*.ogx=01;35:*.aac=00;36:*.au=00;36:*.flac=00;36:*.mid=00;36:*.midi=00;36:*.mka=00;36:*.mp3=00;36:*.mpc=00;36:*.ogg=00;36:*.ra=00;36:*.wav=00;36:*.axa=00;36:*.oga=00;36:*.spx=00;36:*.xspf=00;36:"
MAILHOST => "mirrormere.local"
OLD_PATH => "/Users/zork/.rbenv/shims:/usr/local/Cellar/coreutils/8.19/libexec/gnubin:/Users/zork/bin:/usr/X11R6/bin:/usr/local/bin:/usr/bin:/bin:/usr/local/sbin:/usr/sbin:/sbin"
PAGER => "less"
PATH => "/Users/zork/.rbenv/versions/1.9.3-p286/bin:/usr/local/Cellar/rbenv/0.3.0/libexec:/Users/zork/Development/resume/vendor/bundle/ruby/1.9.1/bin:/Users/zork/.rbenv/shims:/usr/local/Cellar/coreutils/8.19/libexec/gnubin:/Users/zork/bin:/usr/X11R6/bin:/usr/local/bin:/usr/bin:/bin:/usr/local/sbin:/usr/sbin:/sbin"
PWD => "/Users/zork/Development/resume"
RBENV_DIR => "/Users/zork/Development/resume"
RBENV_HOOK_PATH => ":/Users/zork/.rbenv/rbenv.d:/usr/local/etc/rbenv.d:/etc/rbenv.d"
RBENV_ROOT => "/Users/zork/.rbenv"
RUBY_GC_MALLOC_LIMIT => "1000000000"
RUBY_HEAP_FREE_MIN => "500000"
RUBY_HEAP_MIN_SLOTS => "1000000"
RUBY_HEAP_SLOTS_GROWTH_FACTOR => "1"
RUBY_HEAP_SLOTS_INCREMENT => "1000000"
SHELL => "/usr/local/bin/zsh"
SHLVL => "1"
SSH_AGENT_PID => "3548"
SSH_AUTH_SOCK => "/var/folders/mg/v30cwt_x2xs18b_133m1hps80000gn/T//ssh-djqd8Ex2jpqD/agent.3544"
TERM => "xterm"
TERM_PROGRAM => "Apple_Terminal"
TERM_PROGRAM_VERSION => "309"
TERM_SESSION_ID => "F11EA00B-FCEB-41A3-A287-B17B323AE56E"
TMPDIR => "/var/folders/mg/v30cwt_x2xs18b_133m1hps80000gn/T/"
UNAME => "12.2.0"
USER => "zork"
VISUAL => "vim"
WHOIS_HIDE => "1"
ZDOTDIR => "/Users/zork/.zsh"
__CF_USER_TEXT_ENCODING => "0x1F5:0:0"

=== GEMFILE.LOCK:

GEM
  remote: http://rubygems.org/
  specs:
    adsf (1.1.1)
      rack (>= 1.0.0)
    colored (1.2)
    cri (2.3.0)
      colored (>= 1.2)
    haml (3.1.7)
    mime-types (1.19)
    nanoc (3.4.2)
      cri (~> 2.2)
    nanoc3 (3.3.0)
      nanoc (>= 3.3.0)
    rack (1.4.1)
    sequel (3.41.0)
    sqlite3 (1.3.6)

PLATFORMS
  ruby

DEPENDENCIES
  adsf
  haml
  mime-types
  nanoc3
  rack
  sequel
  sqlite3

=== $LOAD_PATH:

  0. /Users/zork/Development/resume/vendor/bundle/ruby/1.9.1/gems/colored-1.2/lib
  1. /Users/zork/Development/resume/vendor/bundle/ruby/1.9.1/gems/cri-2.3.0/lib
  2. /Users/zork/Development/resume/vendor/bundle/ruby/1.9.1/gems/nanoc-3.4.2/lib
  3. /Users/zork/.rbenv/versions/1.9.3-p286/lib/ruby/site_ruby/1.9.1
  4. /Users/zork/.rbenv/versions/1.9.3-p286/lib/ruby/site_ruby/1.9.1/x86_64-darwin12.2.0
  5. /Users/zork/.rbenv/versions/1.9.3-p286/lib/ruby/site_ruby
  6. /Users/zork/.rbenv/versions/1.9.3-p286/lib/ruby/vendor_ruby/1.9.1
  7. /Users/zork/.rbenv/versions/1.9.3-p286/lib/ruby/vendor_ruby/1.9.1/x86_64-darwin12.2.0
  8. /Users/zork/.rbenv/versions/1.9.3-p286/lib/ruby/vendor_ruby
  9. /Users/zork/.rbenv/versions/1.9.3-p286/lib/ruby/1.9.1
  10. /Users/zork/.rbenv/versions/1.9.3-p286/lib/ruby/1.9.1/x86_64-darwin12.2.0
